<?xml version="1.0" encoding="UTF-8"?>
<!-- Generated by org.testng.reporters.JUnitReportReporter -->
<testsuite hostname="LTIN234790" failures="0" tests="5" name="testCases.TC_003_GiftCards" time="156.535" errors="0" timestamp="2024-06-07T11:55:56 IST" skipped="0">
  <testcase classname="testCases.TC_003_GiftCards" name="searchbookshelves" time="42.700"/>
  <testcase classname="testCases.TC_003_GiftCards" name="Items" time="16.056"/>
  <testcase classname="testCases.TC_003_GiftCards" name="ClickGiftCards" time="68.624"/>
  <testcase classname="testCases.TC_003_GiftCards" name="GetErrorMsg" time="10.138"/>
  <testcase classname="testCases.TC_003_GiftCards" name="ValidateDetails" time="19.017"/>
</testsuite> <!-- testCases.TC_003_GiftCards -->
